<?xml version="1.0" encoding="UTF-8"?>
<testsuite name="com.analyser.IplTest" tests="1" skipped="0" failures="0" errors="0" timestamp="2020-05-19T14:04:13" hostname="DESKTOP-LSKIBA4" time="0.448">
  <properties/>
  <testcase name="givenIplMostRun_whenSortedOnBatingAverage_shouldReturnShortedResult" classname="com.analyser.IplTest" time="0.448"/>
  <system-out><![CDATA[]]></system-out>
  <system-err><![CDATA[]]></system-err>
</testsuite>
